Analysis & Synthesis report for FSM
Fri Apr 09 16:42:34 2021
Quartus Prime Version 18.1.0 Build 625 09/12/2018 SJ Lite Edition


---------------------
; Table of Contents ;
---------------------
  1. Legal Notice
  2. Analysis & Synthesis Summary
  3. Analysis & Synthesis Settings
  4. Parallel Compilation
  5. Analysis & Synthesis Source Files Read
  6. Analysis & Synthesis Resource Usage Summary
  7. Analysis & Synthesis Resource Utilization by Entity
  8. State Machine - |FSM|state
  9. User-Specified and Inferred Latches
 10. Registers Removed During Synthesis
 11. General Register Statistics
 12. Multiplexer Restructuring Statistics (Restructuring Performed)
 13. Post-Synthesis Netlist Statistics for Top Partition
 14. Elapsed Time Per Partition
 15. Analysis & Synthesis Messages



----------------
; Legal Notice ;
----------------
Copyright (C) 2018  Intel Corporation. All rights reserved.
Your use of Intel Corporation's design tools, logic functions 
and other software and tools, and its AMPP partner logic 
functions, and any output files from any of the foregoing 
(including device programming or simulation files), and any 
associated documentation or information are expressly subject 
to the terms and conditions of the Intel Program License 
Subscription Agreement, the Intel Quartus Prime License Agreement,
the Intel FPGA IP License Agreement, or other applicable license
agreement, including, without limitation, that your use is for
the sole purpose of programming logic devices manufactured by
Intel and sold by Intel or its authorized distributors.  Please
refer to the applicable agreement for further details.



+----------------------------------------------------------------------------------+
; Analysis & Synthesis Summary                                                     ;
+------------------------------------+---------------------------------------------+
; Analysis & Synthesis Status        ; Successful - Fri Apr 09 16:42:34 2021       ;
; Quartus Prime Version              ; 18.1.0 Build 625 09/12/2018 SJ Lite Edition ;
; Revision Name                      ; FSM                                         ;
; Top-level Entity Name              ; FSM                                         ;
; Family                             ; MAX 10                                      ;
; Total logic elements               ; 62                                          ;
;     Total combinational functions  ; 62                                          ;
;     Dedicated logic registers      ; 39                                          ;
; Total registers                    ; 39                                          ;
; Total pins                         ; 6                                           ;
; Total virtual pins                 ; 0                                           ;
; Total memory bits                  ; 0                                           ;
; Embedded Multiplier 9-bit elements ; 0                                           ;
; Total PLLs                         ; 0                                           ;
; UFM blocks                         ; 0                                           ;
; ADC blocks                         ; 0                                           ;
+------------------------------------+---------------------------------------------+


+------------------------------------------------------------------------------------------------------------+
; Analysis & Synthesis Settings                                                                              ;
+------------------------------------------------------------------+--------------------+--------------------+
; Option                                                           ; Setting            ; Default Value      ;
+------------------------------------------------------------------+--------------------+--------------------+
; Device                                                           ; 10M08SAE144C8G     ;                    ;
; Top-level entity name                                            ; FSM                ; FSM                ;
; Family name                                                      ; MAX 10             ; Cyclone V          ;
; Use smart compilation                                            ; Off                ; Off                ;
; Enable parallel Assembler and Timing Analyzer during compilation ; On                 ; On                 ;
; Enable compact report table                                      ; Off                ; Off                ;
; Restructure Multiplexers                                         ; Auto               ; Auto               ;
; Create Debugging Nodes for IP Cores                              ; Off                ; Off                ;
; Preserve fewer node names                                        ; On                 ; On                 ;
; Intel FPGA IP Evaluation Mode                                    ; Enable             ; Enable             ;
; Verilog Version                                                  ; Verilog_2001       ; Verilog_2001       ;
; VHDL Version                                                     ; VHDL_1993          ; VHDL_1993          ;
; State Machine Processing                                         ; Auto               ; Auto               ;
; Safe State Machine                                               ; Off                ; Off                ;
; Extract Verilog State Machines                                   ; On                 ; On                 ;
; Extract VHDL State Machines                                      ; On                 ; On                 ;
; Ignore Verilog initial constructs                                ; Off                ; Off                ;
; Iteration limit for constant Verilog loops                       ; 5000               ; 5000               ;
; Iteration limit for non-constant Verilog loops                   ; 250                ; 250                ;
; Add Pass-Through Logic to Inferred RAMs                          ; On                 ; On                 ;
; Infer RAMs from Raw Logic                                        ; On                 ; On                 ;
; Parallel Synthesis                                               ; On                 ; On                 ;
; DSP Block Balancing                                              ; Auto               ; Auto               ;
; NOT Gate Push-Back                                               ; On                 ; On                 ;
; Power-Up Don't Care                                              ; On                 ; On                 ;
; Remove Redundant Logic Cells                                     ; Off                ; Off                ;
; Remove Duplicate Registers                                       ; On                 ; On                 ;
; Ignore CARRY Buffers                                             ; Off                ; Off                ;
; Ignore CASCADE Buffers                                           ; Off                ; Off                ;
; Ignore GLOBAL Buffers                                            ; Off                ; Off                ;
; Ignore ROW GLOBAL Buffers                                        ; Off                ; Off                ;
; Ignore LCELL Buffers                                             ; Off                ; Off                ;
; Ignore SOFT Buffers                                              ; On                 ; On                 ;
; Limit AHDL Integers to 32 Bits                                   ; Off                ; Off                ;
; Optimization Technique                                           ; Balanced           ; Balanced           ;
; Carry Chain Length                                               ; 70                 ; 70                 ;
; Auto Carry Chains                                                ; On                 ; On                 ;
; Auto Open-Drain Pins                                             ; On                 ; On                 ;
; Perform WYSIWYG Primitive Resynthesis                            ; Off                ; Off                ;
; Auto ROM Replacement                                             ; On                 ; On                 ;
; Auto RAM Replacement                                             ; On                 ; On                 ;
; Auto DSP Block Replacement                                       ; On                 ; On                 ;
; Auto Shift Register Replacement                                  ; Auto               ; Auto               ;
; Allow Shift Register Merging across Hierarchies                  ; Auto               ; Auto               ;
; Auto Clock Enable Replacement                                    ; On                 ; On                 ;
; Strict RAM Replacement                                           ; Off                ; Off                ;
; Allow Synchronous Control Signals                                ; On                 ; On                 ;
; Force Use of Synchronous Clear Signals                           ; Off                ; Off                ;
; Auto RAM Block Balancing                                         ; On                 ; On                 ;
; Auto RAM to Logic Cell Conversion                                ; Off                ; Off                ;
; Auto Resource Sharing                                            ; Off                ; Off                ;
; Allow Any RAM Size For Recognition                               ; Off                ; Off                ;
; Allow Any ROM Size For Recognition                               ; Off                ; Off                ;
; Allow Any Shift Register Size For Recognition                    ; Off                ; Off                ;
; Use LogicLock Constraints during Resource Balancing              ; On                 ; On                 ;
; Ignore translate_off and synthesis_off directives                ; Off                ; Off                ;
; Timing-Driven Synthesis                                          ; On                 ; On                 ;
; Report Parameter Settings                                        ; On                 ; On                 ;
; Report Source Assignments                                        ; On                 ; On                 ;
; Report Connectivity Checks                                       ; On                 ; On                 ;
; Ignore Maximum Fan-Out Assignments                               ; Off                ; Off                ;
; Synchronization Register Chain Length                            ; 2                  ; 2                  ;
; Power Optimization During Synthesis                              ; Normal compilation ; Normal compilation ;
; HDL message level                                                ; Level2             ; Level2             ;
; Suppress Register Optimization Related Messages                  ; Off                ; Off                ;
; Number of Removed Registers Reported in Synthesis Report         ; 5000               ; 5000               ;
; Number of Swept Nodes Reported in Synthesis Report               ; 5000               ; 5000               ;
; Number of Inverted Registers Reported in Synthesis Report        ; 100                ; 100                ;
; Clock MUX Protection                                             ; On                 ; On                 ;
; Auto Gated Clock Conversion                                      ; Off                ; Off                ;
; Block Design Naming                                              ; Auto               ; Auto               ;
; SDC constraint protection                                        ; Off                ; Off                ;
; Synthesis Effort                                                 ; Auto               ; Auto               ;
; Shift Register Replacement - Allow Asynchronous Clear Signal     ; On                 ; On                 ;
; Pre-Mapping Resynthesis Optimization                             ; Off                ; Off                ;
; Analysis & Synthesis Message Level                               ; Medium             ; Medium             ;
; Disable Register Merging Across Hierarchies                      ; Auto               ; Auto               ;
; Resource Aware Inference For Block RAM                           ; On                 ; On                 ;
+------------------------------------------------------------------+--------------------+--------------------+


+------------------------------------------+
; Parallel Compilation                     ;
+----------------------------+-------------+
; Processors                 ; Number      ;
+----------------------------+-------------+
; Number detected on machine ; 8           ;
; Maximum allowed            ; 4           ;
;                            ;             ;
; Average used               ; 1.00        ;
; Maximum used               ; 4           ;
;                            ;             ;
; Usage by Processor         ; % Time Used ;
;     Processor 1            ; 100.0%      ;
;     Processor 2            ;   0.0%      ;
;     Processors 3-4         ;   0.0%      ;
+----------------------------+-------------+


+-----------------------------------------------------------------------------------------------------------------------------------+
; Analysis & Synthesis Source Files Read                                                                                            ;
+----------------------------------+-----------------+------------------------+-------------------------------------------+---------+
; File Name with User-Entered Path ; Used in Netlist ; File Type              ; File Name with Absolute Path              ; Library ;
+----------------------------------+-----------------+------------------------+-------------------------------------------+---------+
; FSM.v                            ; yes             ; User Verilog HDL File  ; C:/intelFPGA_lite/18.1/Projects/FSM/FSM.v ;         ;
+----------------------------------+-----------------+------------------------+-------------------------------------------+---------+


+---------------------------------------------------------+
; Analysis & Synthesis Resource Usage Summary             ;
+---------------------------------------------+-----------+
; Resource                                    ; Usage     ;
+---------------------------------------------+-----------+
; Estimated Total logic elements              ; 62        ;
;                                             ;           ;
; Total combinational functions               ; 62        ;
; Logic element usage by number of LUT inputs ;           ;
;     -- 4 input functions                    ; 19        ;
;     -- 3 input functions                    ; 8         ;
;     -- <=2 input functions                  ; 35        ;
;                                             ;           ;
; Logic elements by mode                      ;           ;
;     -- normal mode                          ; 30        ;
;     -- arithmetic mode                      ; 32        ;
;                                             ;           ;
; Total registers                             ; 39        ;
;     -- Dedicated logic registers            ; 39        ;
;     -- I/O registers                        ; 0         ;
;                                             ;           ;
; I/O pins                                    ; 6         ;
;                                             ;           ;
; Embedded Multiplier 9-bit elements          ; 0         ;
;                                             ;           ;
; Maximum fan-out node                        ; clk~input ;
; Maximum fan-out                             ; 39        ;
; Total fan-out                               ; 326       ;
; Average fan-out                             ; 2.88      ;
+---------------------------------------------+-----------+


+------------------------------------------------------------------------------------------------------------------------------------------------------------------------------------------------------------------------------------+
; Analysis & Synthesis Resource Utilization by Entity                                                                                                                                                                                ;
+----------------------------+---------------------+---------------------------+-------------+------------+--------------+---------+-----------+------+--------------+------------+---------------------+-------------+--------------+
; Compilation Hierarchy Node ; Combinational ALUTs ; Dedicated Logic Registers ; Memory Bits ; UFM Blocks ; DSP Elements ; DSP 9x9 ; DSP 18x18 ; Pins ; Virtual Pins ; ADC blocks ; Full Hierarchy Name ; Entity Name ; Library Name ;
+----------------------------+---------------------+---------------------------+-------------+------------+--------------+---------+-----------+------+--------------+------------+---------------------+-------------+--------------+
; |FSM                       ; 62 (62)             ; 39 (39)                   ; 0           ; 0          ; 0            ; 0       ; 0         ; 6    ; 0            ; 0          ; |FSM                ; FSM         ; work         ;
+----------------------------+---------------------+---------------------------+-------------+------------+--------------+---------+-----------+------+--------------+------------+---------------------+-------------+--------------+
Note: For table entries with two numbers listed, the numbers in parentheses indicate the number of resources of the given type used by the specific entity alone. The numbers listed outside of parentheses indicate the total resources of the given type used by the specific entity and all of its sub-entities in the hierarchy.


Encoding Type:  One-Hot
+--------------------------------------------------------------------------------------+
; State Machine - |FSM|state                                                           ;
+-------------------+-------------------+----------------+----------------+------------+
; Name              ; state.ALL_LED_OFF ; state.LED_2_ON ; state.LED_1_ON ; state.IDLE ;
+-------------------+-------------------+----------------+----------------+------------+
; state.IDLE        ; 0                 ; 0              ; 0              ; 0          ;
; state.LED_1_ON    ; 0                 ; 0              ; 1              ; 1          ;
; state.LED_2_ON    ; 0                 ; 1              ; 0              ; 1          ;
; state.ALL_LED_OFF ; 1                 ; 0              ; 0              ; 1          ;
+-------------------+-------------------+----------------+----------------+------------+


+----------------------------------------------------------------------------------------------------+
; User-Specified and Inferred Latches                                                                ;
+-----------------------------------------------------+---------------------+------------------------+
; Latch Name                                          ; Latch Enable Signal ; Free of Timing Hazards ;
+-----------------------------------------------------+---------------------+------------------------+
; setpoint[8]                                         ; Selector8           ; yes                    ;
; setpoint[10]                                        ; Selector8           ; yes                    ;
; setpoint[13]                                        ; Selector8           ; yes                    ;
; setpoint[14]                                        ; Selector8           ; yes                    ;
; setpoint[15]                                        ; Selector8           ; yes                    ;
; setpoint[16]                                        ; Selector8           ; yes                    ;
; setpoint[18]                                        ; Selector8           ; yes                    ;
; setpoint[19]                                        ; Selector8           ; yes                    ;
; setpoint[20]                                        ; Selector8           ; yes                    ;
; setpoint[21]                                        ; Selector8           ; yes                    ;
; setpoint[22]                                        ; Selector8           ; yes                    ;
; setpoint[23]                                        ; Selector8           ; yes                    ;
; setpoint[24]                                        ; Selector8           ; yes                    ;
; setpoint[26]                                        ; Selector8           ; yes                    ;
; setpoint[27]                                        ; Selector8           ; yes                    ;
; setpoint[28]                                        ; Selector8           ; yes                    ;
; Number of user-specified and inferred latches = 16  ;                     ;                        ;
+-----------------------------------------------------+---------------------+------------------------+
Note: All latches listed above may not be present at the end of synthesis due to various synthesis optimizations.


+------------------------------------------------------------+
; Registers Removed During Synthesis                         ;
+---------------------------------------+--------------------+
; Register name                         ; Reason for Removal ;
+---------------------------------------+--------------------+
; state~4                               ; Lost fanout        ;
; state~5                               ; Lost fanout        ;
; state~6                               ; Lost fanout        ;
; Total Number of Removed Registers = 3 ;                    ;
+---------------------------------------+--------------------+


+------------------------------------------------------+
; General Register Statistics                          ;
+----------------------------------------------+-------+
; Statistic                                    ; Value ;
+----------------------------------------------+-------+
; Total registers                              ; 39    ;
; Number of registers using Synchronous Clear  ; 33    ;
; Number of registers using Synchronous Load   ; 0     ;
; Number of registers using Asynchronous Clear ; 4     ;
; Number of registers using Asynchronous Load  ; 0     ;
; Number of registers using Clock Enable       ; 33    ;
; Number of registers using Preset             ; 0     ;
+----------------------------------------------+-------+


+------------------------------------------------------------------------------------------------------------------------------------------+
; Multiplexer Restructuring Statistics (Restructuring Performed)                                                                           ;
+--------------------+-----------+---------------+----------------------+------------------------+------------+----------------------------+
; Multiplexer Inputs ; Bus Width ; Baseline Area ; Area if Restructured ; Saving if Restructured ; Registered ; Example Multiplexer Output ;
+--------------------+-----------+---------------+----------------------+------------------------+------------+----------------------------+
; 4:1                ; 33 bits   ; 66 LEs        ; 33 LEs               ; 33 LEs                 ; Yes        ; |FSM|cnt[8]                ;
+--------------------+-----------+---------------+----------------------+------------------------+------------+----------------------------+


+-----------------------------------------------------+
; Post-Synthesis Netlist Statistics for Top Partition ;
+-----------------------+-----------------------------+
; Type                  ; Count                       ;
+-----------------------+-----------------------------+
; boundary_port         ; 6                           ;
; cycloneiii_ff         ; 39                          ;
;     CLR               ; 4                           ;
;     ENA SCLR          ; 33                          ;
;     plain             ; 2                           ;
; cycloneiii_lcell_comb ; 62                          ;
;     arith             ; 32                          ;
;         2 data inputs ; 32                          ;
;     normal            ; 30                          ;
;         1 data inputs ; 1                           ;
;         2 data inputs ; 2                           ;
;         3 data inputs ; 8                           ;
;         4 data inputs ; 19                          ;
;                       ;                             ;
; Max LUT depth         ; 4.20                        ;
; Average LUT depth     ; 3.09                        ;
+-----------------------+-----------------------------+


+-------------------------------+
; Elapsed Time Per Partition    ;
+----------------+--------------+
; Partition Name ; Elapsed Time ;
+----------------+--------------+
; Top            ; 00:00:00     ;
+----------------+--------------+


+-------------------------------+
; Analysis & Synthesis Messages ;
+-------------------------------+
Info: *******************************************************************
Info: Running Quartus Prime Analysis & Synthesis
    Info: Version 18.1.0 Build 625 09/12/2018 SJ Lite Edition
    Info: Processing started: Fri Apr 09 16:42:25 2021
Info: Command: quartus_map --read_settings_files=on --write_settings_files=off FSM -c FSM
Warning (18236): Number of processors has not been specified which may cause overloading on shared machines.  Set the global assignment NUM_PARALLEL_PROCESSORS in your QSF to an appropriate value for best performance.
Info (20030): Parallel compilation is enabled and will use 4 of the 4 processors detected
Info (12021): Found 1 design units, including 1 entities, in source file fsm.v
    Info (12023): Found entity 1: FSM File: C:/intelFPGA_lite/18.1/Projects/FSM/FSM.v Line: 1
Info (12021): Found 0 design units, including 0 entities, in source file tim.v
Info (12127): Elaborating entity "FSM" for the top level hierarchy
Warning (10036): Verilog HDL or VHDL warning at FSM.v(24): object "tsfl" assigned a value but never read File: C:/intelFPGA_lite/18.1/Projects/FSM/FSM.v Line: 24
Warning (10240): Verilog HDL Always Construct warning at FSM.v(32): inferring latch(es) for variable "setpoint", which holds its previous value in one or more paths through the always construct File: C:/intelFPGA_lite/18.1/Projects/FSM/FSM.v Line: 32
Info (10041): Inferred latch for "setpoint[0]" at FSM.v(32) File: C:/intelFPGA_lite/18.1/Projects/FSM/FSM.v Line: 32
Info (10041): Inferred latch for "setpoint[1]" at FSM.v(32) File: C:/intelFPGA_lite/18.1/Projects/FSM/FSM.v Line: 32
Info (10041): Inferred latch for "setpoint[2]" at FSM.v(32) File: C:/intelFPGA_lite/18.1/Projects/FSM/FSM.v Line: 32
Info (10041): Inferred latch for "setpoint[3]" at FSM.v(32) File: C:/intelFPGA_lite/18.1/Projects/FSM/FSM.v Line: 32
Info (10041): Inferred latch for "setpoint[4]" at FSM.v(32) File: C:/intelFPGA_lite/18.1/Projects/FSM/FSM.v Line: 32
Info (10041): Inferred latch for "setpoint[5]" at FSM.v(32) File: C:/intelFPGA_lite/18.1/Projects/FSM/FSM.v Line: 32
Info (10041): Inferred latch for "setpoint[6]" at FSM.v(32) File: C:/intelFPGA_lite/18.1/Projects/FSM/FSM.v Line: 32
Info (10041): Inferred latch for "setpoint[7]" at FSM.v(32) File: C:/intelFPGA_lite/18.1/Projects/FSM/FSM.v Line: 32
Info (10041): Inferred latch for "setpoint[8]" at FSM.v(32) File: C:/intelFPGA_lite/18.1/Projects/FSM/FSM.v Line: 32
Info (10041): Inferred latch for "setpoint[9]" at FSM.v(32) File: C:/intelFPGA_lite/18.1/Projects/FSM/FSM.v Line: 32
Info (10041): Inferred latch for "setpoint[10]" at FSM.v(32) File: C:/intelFPGA_lite/18.1/Projects/FSM/FSM.v Line: 32
Info (10041): Inferred latch for "setpoint[11]" at FSM.v(32) File: C:/intelFPGA_lite/18.1/Projects/FSM/FSM.v Line: 32
Info (10041): Inferred latch for "setpoint[12]" at FSM.v(32) File: C:/intelFPGA_lite/18.1/Projects/FSM/FSM.v Line: 32
Info (10041): Inferred latch for "setpoint[13]" at FSM.v(32) File: C:/intelFPGA_lite/18.1/Projects/FSM/FSM.v Line: 32
Info (10041): Inferred latch for "setpoint[14]" at FSM.v(32) File: C:/intelFPGA_lite/18.1/Projects/FSM/FSM.v Line: 32
Info (10041): Inferred latch for "setpoint[15]" at FSM.v(32) File: C:/intelFPGA_lite/18.1/Projects/FSM/FSM.v Line: 32
Info (10041): Inferred latch for "setpoint[16]" at FSM.v(32) File: C:/intelFPGA_lite/18.1/Projects/FSM/FSM.v Line: 32
Info (10041): Inferred latch for "setpoint[17]" at FSM.v(32) File: C:/intelFPGA_lite/18.1/Projects/FSM/FSM.v Line: 32
Info (10041): Inferred latch for "setpoint[18]" at FSM.v(32) File: C:/intelFPGA_lite/18.1/Projects/FSM/FSM.v Line: 32
Info (10041): Inferred latch for "setpoint[19]" at FSM.v(32) File: C:/intelFPGA_lite/18.1/Projects/FSM/FSM.v Line: 32
Info (10041): Inferred latch for "setpoint[20]" at FSM.v(32) File: C:/intelFPGA_lite/18.1/Projects/FSM/FSM.v Line: 32
Info (10041): Inferred latch for "setpoint[21]" at FSM.v(32) File: C:/intelFPGA_lite/18.1/Projects/FSM/FSM.v Line: 32
Info (10041): Inferred latch for "setpoint[22]" at FSM.v(32) File: C:/intelFPGA_lite/18.1/Projects/FSM/FSM.v Line: 32
Info (10041): Inferred latch for "setpoint[23]" at FSM.v(32) File: C:/intelFPGA_lite/18.1/Projects/FSM/FSM.v Line: 32
Info (10041): Inferred latch for "setpoint[24]" at FSM.v(32) File: C:/intelFPGA_lite/18.1/Projects/FSM/FSM.v Line: 32
Info (10041): Inferred latch for "setpoint[25]" at FSM.v(32) File: C:/intelFPGA_lite/18.1/Projects/FSM/FSM.v Line: 32
Info (10041): Inferred latch for "setpoint[26]" at FSM.v(32) File: C:/intelFPGA_lite/18.1/Projects/FSM/FSM.v Line: 32
Info (10041): Inferred latch for "setpoint[27]" at FSM.v(32) File: C:/intelFPGA_lite/18.1/Projects/FSM/FSM.v Line: 32
Info (10041): Inferred latch for "setpoint[28]" at FSM.v(32) File: C:/intelFPGA_lite/18.1/Projects/FSM/FSM.v Line: 32
Info (10041): Inferred latch for "setpoint[29]" at FSM.v(32) File: C:/intelFPGA_lite/18.1/Projects/FSM/FSM.v Line: 32
Info (10041): Inferred latch for "setpoint[30]" at FSM.v(32) File: C:/intelFPGA_lite/18.1/Projects/FSM/FSM.v Line: 32
Info (10041): Inferred latch for "setpoint[31]" at FSM.v(32) File: C:/intelFPGA_lite/18.1/Projects/FSM/FSM.v Line: 32
Info (10041): Inferred latch for "setpoint[32]" at FSM.v(32) File: C:/intelFPGA_lite/18.1/Projects/FSM/FSM.v Line: 32
Info (13025): Duplicate LATCH primitives merged into single LATCH primitive
    Info (13026): Duplicate LATCH primitive "setpoint[13]" merged with LATCH primitive "setpoint[8]" File: C:/intelFPGA_lite/18.1/Projects/FSM/FSM.v Line: 32
    Info (13026): Duplicate LATCH primitive "setpoint[14]" merged with LATCH primitive "setpoint[8]" File: C:/intelFPGA_lite/18.1/Projects/FSM/FSM.v Line: 32
    Info (13026): Duplicate LATCH primitive "setpoint[16]" merged with LATCH primitive "setpoint[8]" File: C:/intelFPGA_lite/18.1/Projects/FSM/FSM.v Line: 32
    Info (13026): Duplicate LATCH primitive "setpoint[18]" merged with LATCH primitive "setpoint[8]" File: C:/intelFPGA_lite/18.1/Projects/FSM/FSM.v Line: 32
    Info (13026): Duplicate LATCH primitive "setpoint[22]" merged with LATCH primitive "setpoint[8]" File: C:/intelFPGA_lite/18.1/Projects/FSM/FSM.v Line: 32
    Info (13026): Duplicate LATCH primitive "setpoint[23]" merged with LATCH primitive "setpoint[8]" File: C:/intelFPGA_lite/18.1/Projects/FSM/FSM.v Line: 32
    Info (13026): Duplicate LATCH primitive "setpoint[24]" merged with LATCH primitive "setpoint[8]" File: C:/intelFPGA_lite/18.1/Projects/FSM/FSM.v Line: 32
    Info (13026): Duplicate LATCH primitive "setpoint[26]" merged with LATCH primitive "setpoint[8]" File: C:/intelFPGA_lite/18.1/Projects/FSM/FSM.v Line: 32
    Info (13026): Duplicate LATCH primitive "setpoint[19]" merged with LATCH primitive "setpoint[10]" File: C:/intelFPGA_lite/18.1/Projects/FSM/FSM.v Line: 32
    Info (13026): Duplicate LATCH primitive "setpoint[27]" merged with LATCH primitive "setpoint[10]" File: C:/intelFPGA_lite/18.1/Projects/FSM/FSM.v Line: 32
    Info (13026): Duplicate LATCH primitive "setpoint[28]" merged with LATCH primitive "setpoint[10]" File: C:/intelFPGA_lite/18.1/Projects/FSM/FSM.v Line: 32
    Info (13026): Duplicate LATCH primitive "setpoint[20]" merged with LATCH primitive "setpoint[15]" File: C:/intelFPGA_lite/18.1/Projects/FSM/FSM.v Line: 32
    Info (13026): Duplicate LATCH primitive "setpoint[21]" merged with LATCH primitive "setpoint[15]" File: C:/intelFPGA_lite/18.1/Projects/FSM/FSM.v Line: 32
Warning (13012): Latch setpoint[8] has unsafe behavior File: C:/intelFPGA_lite/18.1/Projects/FSM/FSM.v Line: 32
    Warning (13013): Ports D and ENA on the latch are fed by the same signal state.LED_2_ON File: C:/intelFPGA_lite/18.1/Projects/FSM/FSM.v Line: 7
Warning (13012): Latch setpoint[10] has unsafe behavior File: C:/intelFPGA_lite/18.1/Projects/FSM/FSM.v Line: 32
    Warning (13013): Ports D and ENA on the latch are fed by the same signal state.LED_1_ON File: C:/intelFPGA_lite/18.1/Projects/FSM/FSM.v Line: 7
Warning (13012): Latch setpoint[15] has unsafe behavior File: C:/intelFPGA_lite/18.1/Projects/FSM/FSM.v Line: 32
    Warning (13013): Ports D and ENA on the latch are fed by the same signal state.IDLE File: C:/intelFPGA_lite/18.1/Projects/FSM/FSM.v Line: 7
Info (286030): Timing-Driven Synthesis is running
Info (17049): 3 registers lost all their fanouts during netlist optimizations.
Info (16010): Generating hard_block partition "hard_block:auto_generated_inst"
    Info (16011): Adding 0 node(s), including 0 DDIO, 0 PLL, 0 transceiver and 0 LCELL
Info (21057): Implemented 68 device resources after synthesis - the final resource count might be different
    Info (21058): Implemented 3 input pins
    Info (21059): Implemented 3 output pins
    Info (21061): Implemented 62 logic cells
Info: Quartus Prime Analysis & Synthesis was successful. 0 errors, 9 warnings
    Info: Peak virtual memory: 4785 megabytes
    Info: Processing ended: Fri Apr 09 16:42:34 2021
    Info: Elapsed time: 00:00:09
    Info: Total CPU time (on all processors): 00:00:20


